6323: Tile at (-300, 0, 300) HAS jungle. Spawning...
6330: Templates count: 13
6344: Spawned 40 / 40 decos in tile (-300, 0, 300)
6621: Tile at (-150, 0, 150) HAS jungle. Spawning...
6622: Templates count: 13
6637: Spawned 40 / 40 decos in tile (-150, 0, 150)
6708: Tile at (-150, 0, 300) HAS jungle. Spawning...
6709: Templates count: 13
6723: Spawned 40 / 40 decos in tile (-150, 0, 300)
6922: Tile at (0, 0, 0) HAS jungle. Spawning...
6924: Templates count: 13
6941: Spawned 40 / 40 decos in tile (0, 0, 0)
7072: Tile at (0, 0, 150) HAS jungle. Spawning...
7074: Templates count: 13
7103: Spawned 40 / 40 decos in tile (0, 0, 150)
7220: Tile at (0, 0, 300) HAS jungle. Spawning...
7221: Templates count: 13
7235: Spawned 40 / 40 decos in tile (0, 0, 300)
7525: Tile at (150, 0, 150) HAS jungle. Spawning...
7527: Templates count: 13
7542: Spawned 40 / 40 decos in tile (150, 0, 150)
7620: Tile at (150, 0, 300) HAS jungle. Spawning...
7622: Templates count: 13
7637: Spawned 40 / 40 decos in tile (150, 0, 300)
7971: Tile at (300, 0, 300) HAS jungle. Spawning...
7972: Templates count: 13
7987: Spawned 40 / 40 decos in tile (300, 0, 300)
13102: Tile at (300, 0, 300) HAS jungle. Spawning...
13103: Templates count: 13
13117: Spawned 40 / 40 decos in tile (300, 0, 300)
27232: Tile at (-450, 0, 450) HAS jungle. Spawning...
27233: Templates count: 13
27248: Spawned 40 / 40 decos in tile (-450, 0, 450)
27316: Tile at (-300, 0, 450) HAS jungle. Spawning...
27318: Templates count: 13
27331: Spawned 40 / 40 decos in tile (-300, 0, 450)
27400: Tile at (-150, 0, 450) HAS jungle. Spawning...
27401: Templates count: 13
27415: Spawned 40 / 40 decos in tile (-150, 0, 450)
27483: Tile at (0, 0, 450) HAS jungle. Spawning...
27484: Templates count: 13
27498: Spawned 40 / 40 decos in tile (0, 0, 450)
27566: Tile at (150, 0, 450) HAS jungle. Spawning...
27567: Templates count: 13
27580: Spawned 40 / 40 decos in tile (150, 0, 450)
72655: Tile at (-450, 0, 600) HAS jungle. Spawning...
72657: Templates count: 13
72671: Spawned 40 / 40 decos in tile (-450, 0, 600)
72755: Tile at (-300, 0, 600) HAS jungle. Spawning...
72756: Templates count: 13
72771: Spawned 40 / 40 decos in tile (-300, 0, 600)
72838: Tile at (-150, 0, 600) HAS jungle. Spawning...
72839: Templates count: 13
72853: Spawned 40 / 40 decos in tile (-150, 0, 600)
72922: Tile at (0, 0, 600) HAS jungle. Spawning...
72923: Templates count: 13
72937: Spawned 40 / 40 decos in tile (0, 0, 600)
73020: Tile at (150, 0, 600) HAS jungle. Spawning...
73021: Templates count: 13
73036: Spawned 40 / 40 decos in tile (150, 0, 600)
6423: Tile at (-300, 0, 300) HAS jungle. Spawning...
6425: Template AABB: 0, 0, 0 - 0, 0, 0 Scale: (1, 1, 1)
6427: Template AABB: 0, 0, 0 - 0, 0, 0 Scale: (1, 1, 1)
6428: Template AABB: 0, 0, 0 - 0, 0, 0 Scale: (1, 1, 1)
6430: Template AABB: 0, 0, 0 - 0, 0, 0 Scale: (1, 1, 1)
6431: Template AABB: 0, 0, 0 - 0, 0, 0 Scale: (1, 1, 1)
6433: Template AABB: 0, 0, 0 - 0, 0, 0 Scale: (1, 1, 1)
6434: Template AABB: 0, 0, 0 - 0, 0, 0 Scale: (1, 1, 1)
6436: Template AABB: 0, 0, 0 - 0, 0, 0 Scale: (1, 1, 1)
6437: Template AABB: 0, 0, 0 - 0, 0, 0 Scale: (1, 1, 1)
6439: Template AABB: 0, 0, 0 - 0, 0, 0 Scale: (1, 1, 1)
6440: Template AABB: 0, 0, 0 - 0, 0, 0 Scale: (1, 1, 1)
6442: Template AABB: 0, 0, 0 - 0, 0, 0 Scale: (1, 1, 1)
6443: Template AABB: 0, 0, 0 - 0, 0, 0 Scale: (1, 1, 1)
6444: Templates count: 13
6446: Spawned at local: (59.220619, -8.33559, 62.195065) global Y est: -8.335591
6447: Deco Scale: (3.65548, 3.65548, 3.65548) AABB: 0, 0, 0 - 0, 0, 0
6449: Spawned at local: (0.836985, 7.558536, -28.150707) global Y est: 7.558536
6450: Deco Scale: (3.680563, 3.680563, 3.680563) AABB: 0, 0, 0 - 0, 0, 0
6463: Spawned 40 / 40 decos in tile (-300, 0, 300)
6739: Tile at (-150, 0, 150) HAS jungle. Spawning...
6740: Templates count: 13
6742: Spawned at local: (-15.824959, -11.964802, -6.477303) global Y est: -11.964802
6743: Deco Scale: (3.185763, 3.185763, 3.185763) AABB: 0, 0, 0 - 0, 0, 0
6744: Spawned at local: (-2.297051, 11.857376, 58.518997) global Y est: 11.857376
6745: Deco Scale: (3.302319, 3.302319, 3.302319) AABB: 0, 0, 0 - 0, 0, 0
6759: Spawned 40 / 40 decos in tile (-150, 0, 150)
6833: Tile at (-150, 0, 300) HAS jungle. Spawning...
6834: Templates count: 13
6836: Spawned at local: (31.144489, 4.037129, -18.587807) global Y est: 4.037129
6837: Deco Scale: (4.748805, 4.748805, 4.748805) AABB: 0, 0, 0 - 0, 0, 0
6838: Spawned at local: (-56.132835, -6.458221, -63.060024) global Y est: -6.458222
6839: Deco Scale: (4.894758, 4.894758, 4.894758) AABB: 0, 0, 0 - 0, 0, 0
6852: Spawned 40 / 40 decos in tile (-150, 0, 300)
7055: Tile at (0, 0, 0) HAS jungle. Spawning...
7056: Templates count: 13
7058: Spawned at local: (11.095095, 7.409762, 34.276875) global Y est: 7.409762
7059: Deco Scale: (3.729521, 3.729521, 3.729521) AABB: 0, 0, 0 - 0, 0, 0
7061: Spawned at local: (40.51897, -6.084076, 51.857914) global Y est: -6.084076
7062: Deco Scale: (4.07036, 4.07036, 4.07036) AABB: 0, 0, 0 - 0, 0, 0
7076: Spawned 40 / 40 decos in tile (0, 0, 0)
7156: Tile at (0, 0, 150) HAS jungle. Spawning...
7157: Templates count: 13
7158: Spawned at local: (-48.537239, -9.37109, 36.316383) global Y est: -9.37109
7159: Deco Scale: (3.001836, 3.001836, 3.001836) AABB: 0, 0, 0 - 0, 0, 0
7161: Spawned at local: (-13.403189, 1.068392, 2.780152) global Y est: 1.068392
7162: Deco Scale: (3.648402, 3.648402, 3.648402) AABB: 0, 0, 0 - 0, 0, 0
7175: Spawned 40 / 40 decos in tile (0, 0, 150)
7239: Tile at (0, 0, 300) HAS jungle. Spawning...
7240: Templates count: 13
7242: Spawned at local: (-30.9617, -11.777689, -31.831533) global Y est: -11.777689
7243: Deco Scale: (3.826057, 3.826057, 3.826057) AABB: 0, 0, 0 - 0, 0, 0
7244: Spawned at local: (10.705828, 4.993362, 18.761587) global Y est: 4.993363
7245: Deco Scale: (3.537956, 3.537956, 3.537956) AABB: 0, 0, 0 - 0, 0, 0
7258: Spawned 40 / 40 decos in tile (0, 0, 300)
7539: Tile at (150, 0, 150) HAS jungle. Spawning...
7541: Templates count: 13
7542: Spawned at local: (-26.681053, -17.583733, -14.006818) global Y est: -17.583733
7543: Deco Scale: (4.401999, 4.401999, 4.401999) AABB: 0, 0, 0 - 0, 0, 0
7545: Spawned at local: (64.537483, -2.691308, 56.36031) global Y est: -2.691308
7546: Deco Scale: (3.799034, 3.799034, 3.799034) AABB: 0, 0, 0 - 0, 0, 0
7559: Spawned 40 / 40 decos in tile (150, 0, 150)
7638: Tile at (150, 0, 300) HAS jungle. Spawning...
7639: Templates count: 13
7641: Spawned at local: (12.052478, 2.712614, -35.398861) global Y est: 2.712614
7642: Deco Scale: (4.366713, 4.366713, 4.366713) AABB: 0, 0, 0 - 0, 0, 0
7644: Spawned at local: (-4.318585, 10.74931, 39.557667) global Y est: 10.74931
7645: Deco Scale: (3.007148, 3.007148, 3.007148) AABB: 0, 0, 0 - 0, 0, 0
7658: Spawned 40 / 40 decos in tile (150, 0, 300)
7921: Tile at (300, 0, 150) HAS jungle. Spawning...
7922: Templates count: 13
7924: Spawned at local: (-59.392864, -2.136584, 60.30162) global Y est: -2.136583
7925: Deco Scale: (4.649127, 4.649127, 4.649127) AABB: 0, 0, 0 - 0, 0, 0
7927: Spawned at local: (38.101105, -2.588599, 30.160379) global Y est: -2.588599
7928: Deco Scale: (4.014889, 4.014889, 4.014889) AABB: 0, 0, 0 - 0, 0, 0
7944: Spawned 40 / 40 decos in tile (300, 0, 150)
8022: Tile at (300, 0, 300) HAS jungle. Spawning...
8024: Templates count: 13
8025: Spawned at local: (-41.275902, 2.943465, -5.257754) global Y est: 2.943465
8027: Deco Scale: (4.663053, 4.663053, 4.663053) AABB: 0, 0, 0 - 0, 0, 0
8028: Spawned at local: (0.284529, 3.562225, 16.630611) global Y est: 3.562225
8029: Deco Scale: (3.01784, 3.01784, 3.01784) AABB: 0, 0, 0 - 0, 0, 0
8043: Spawned 40 / 40 decos in tile (300, 0, 300)
15870: Tile at (-450, 0, 150) HAS jungle. Spawning...
15872: Templates count: 13
15874: Spawned at local: (59.510906, -0.565291, 35.274582) global Y est: -0.565291
15875: Deco Scale: (3.325794, 3.325794, 3.325794) AABB: 0, 0, 0 - 0, 0, 0
15876: Failed to find spot for template in tile (-450, 0, 150)
15878: Spawned at local: (9.49657, 2.393276, -2.531554) global Y est: 2.393276
15880: Deco Scale: (4.49836, 4.49836, 4.49836) AABB: 0, 0, 0 - 0, 0, 0
15884: Failed to find spot for template in tile (-450, 0, 150)
15890: Failed to find spot for template in tile (-450, 0, 150)
15896: Failed to find spot for template in tile (-450, 0, 150)
15904: Failed to find spot for template in tile (-450, 0, 150)
15907: Spawned 35 / 40 decos in tile (-450, 0, 150)
15988: Tile at (-450, 0, 300) HAS jungle. Spawning...
15990: Templates count: 13
15991: Spawned at local: (30.706648, 8.66304, 29.86561) global Y est: 8.663041
15993: Deco Scale: (4.52014, 4.52014, 4.52014) AABB: 0, 0, 0 - 0, 0, 0
15994: Spawned at local: (-50.345886, -10.514339, -19.15975) global Y est: -10.514339
15995: Deco Scale: (4.17512, 4.17512, 4.17512) AABB: 0, 0, 0 - 0, 0, 0
16011: Spawned 40 / 40 decos in tile (-450, 0, 300)
102864: Tile at (-450, 0, 450) HAS jungle. Spawning...
102865: Templates count: 13
102867: Spawned at local: (53.716129, -3.715334, -2.060082) global Y est: -3.715334
102868: Deco Scale: (4.984337, 4.984337, 4.984337) AABB: 0, 0, 0 - 0, 0, 0
102869: Spawned at local: (-15.770022, -0.948366, -47.953297) global Y est: -0.948366
102870: Deco Scale: (4.505943, 4.505943, 4.505943) AABB: 0, 0, 0 - 0, 0, 0
102883: Spawned 40 / 40 decos in tile (-450, 0, 450)
102971: Tile at (-300, 0, 450) HAS jungle. Spawning...
102972: Templates count: 13
102974: Spawned at local: (41.301636, -4.878387, 62.057388) global Y est: -4.878387
102975: Deco Scale: (3.661587, 3.661587, 3.661587) AABB: 0, 0, 0 - 0, 0, 0
102976: Spawned at local: (-2.754957, -0.828665, 63.969807) global Y est: -0.828665
102977: Deco Scale: (3.690739, 3.690739, 3.690739) AABB: 0, 0, 0 - 0, 0, 0
102990: Spawned 40 / 40 decos in tile (-300, 0, 450)
103064: Tile at (-150, 0, 450) HAS jungle. Spawning...
103066: Templates count: 13
103067: Spawned at local: (53.330524, -14.68615, -37.180206) global Y est: -14.68615
103068: Deco Scale: (4.601481, 4.601481, 4.601481) AABB: 0, 0, 0 - 0, 0, 0
103070: Spawned at local: (29.044365, 10.716064, -8.062561) global Y est: 10.716064
103071: Deco Scale: (3.71103, 3.71103, 3.71103) AABB: 0, 0, 0 - 0, 0, 0
103084: Spawned 40 / 40 decos in tile (-150, 0, 450)
103164: Tile at (0, 0, 450) HAS jungle. Spawning...
103165: Templates count: 13
103167: Spawned at local: (-27.793606, -7.76368, -26.55711) global Y est: -7.76368
103168: Deco Scale: (4.710844, 4.710844, 4.710844) AABB: 0, 0, 0 - 0, 0, 0
103169: Spawned at local: (53.771774, 9.295165, -51.227757) global Y est: 9.295165
103170: Deco Scale: (4.228832, 4.228832, 4.228832) AABB: 0, 0, 0 - 0, 0, 0
103183: Spawned 40 / 40 decos in tile (0, 0, 450)
103263: Tile at (150, 0, 450) HAS jungle. Spawning...
103264: Templates count: 13
103266: Spawned at local: (38.594944, -8.39854, 46.064339) global Y est: -8.398541
103267: Deco Scale: (4.32293, 4.32293, 4.32293) AABB: 0, 0, 0 - 0, 0, 0
103268: Spawned at local: (-33.363903, 10.043015, 60.07859) global Y est: 10.043014
103269: Deco Scale: (4.780508, 4.780508, 4.780508) AABB: 0, 0, 0 - 0, 0, 0
103282: Spawned 40 / 40 decos in tile (150, 0, 450)
6468: Tile at (-300, 0, 150) HAS jungle. Spawning...
6470: Skipping empty mesh in Object_2: Object_2
6472: Skipping empty mesh in Object_3: Object_3
6474: Skipping empty mesh in Object_4: Object_4
6475: Skipping empty mesh in Object_5: Object_5
6477: Skipping empty mesh in Object_6: Object_6
6478: Skipping empty mesh in Object_7: Object_7
6480: Skipping empty mesh in Object_8: Object_8
6482: Skipping empty mesh in Object_9: Object_9
6483: Skipping empty mesh in Object_10: Object_10
6485: Skipping empty mesh in Object_11: Object_11
6487: Skipping empty mesh in Object_12: Object_12
6489: Skipping empty mesh in Object_13: Object_13
6490: Skipping empty mesh in Object_14: Object_14
6491: Templates count: 0
6564: Tile at (-300, 0, 300) HAS jungle. Spawning...
6565: Templates count: 0
6830: Tile at (-150, 0, 150) HAS jungle. Spawning...
6832: Templates count: 0
6899: Tile at (-150, 0, 300) HAS jungle. Spawning...
6901: Templates count: 0
7096: Tile at (0, 0, 0) HAS jungle. Spawning...
7098: Templates count: 0
7163: Tile at (0, 0, 150) HAS jungle. Spawning...
7164: Templates count: 0
7231: Tile at (0, 0, 300) HAS jungle. Spawning...
7232: Templates count: 0
7514: Tile at (150, 0, 150) HAS jungle. Spawning...
7515: Templates count: 0
7579: Tile at (150, 0, 300) HAS jungle. Spawning...
7580: Templates count: 0
7929: Tile at (300, 0, 300) HAS jungle. Spawning...
7930: Templates count: 0
9881: Tile at (-300, 0, 300) HAS jungle. Spawning...
9882: Templates count: 0
9964: Tile at (-150, 0, 300) HAS jungle. Spawning...
9965: Templates count: 0
10049: Tile at (0, 0, 300) HAS jungle. Spawning...
10051: Templates count: 0
10129: Tile at (150, 0, 300) HAS jungle. Spawning...
10130: Templates count: 0
10196: Tile at (300, 0, 300) HAS jungle. Spawning...
10197: Templates count: 0
13394: Tile at (300, 0, 300) HAS jungle. Spawning...
13395: Templates count: 0
6607: Tile at (-300, 0, 150) HAS jungle. Spawning...
6610: Template: Object_3 Mesh: Object_3_Object_1 AABB: -8.489717, -8.41843, 0.183796 - 6.645302, 15.885296, 2.48553 Surfaces: 1
6612: Template: Object_4 Mesh: Object_4_Object_2 AABB: -8.642229, -5.15971, 0.183796 - 8.188229, 11.177738, 2.48553 Surfaces: 1
6614: Template: Object_5 Mesh: Object_5_Object_3 AABB: -8.80436, -5.738437, 0.183796 - 15.859945, 11.057633, 2.48553 Surfaces: 1
6616: Template: Object_6 Mesh: Object_6_Object_4 AABB: -7.975936, -4.697913, 0.183796 - 11.89282, 12.498924, 2.48553 Surfaces: 1
6618: Template: Object_7 Mesh: Object_7_Object_5 AABB: -5.675936, -4.418431, 0.183796 - 12.02888, 10.919441, 2.48553 Surfaces: 1
6619: Template: Object_8 Mesh: Object_8_Object_6 AABB: -8.261277, -8.369059, 0.761184 - 15.820244, 15.963571, 1.514593 Surfaces: 1
6621: Template: Object_9 Mesh: Object_9_Object_7 AABB: -4.984911, -1.980479, 0.761184 - 10.202736, 7.17499, 1.514593 Surfaces: 1
6623: Template: Object_10 Mesh: Object_10_Object_8 AABB: -7.705953, -5.2, -0 - 7.793815, 10.748243, 0.24 Surfaces: 1
6624: Template: Object_11 Mesh: Object_11_Object_9 AABB: -8.347861, -5.879036, -0 - 9.154234, 12.054385, 0.24 Surfaces: 1
6626: Template: Object_12 Mesh: Object_12_Object_10 AABB: -8.281803, -5.838926, -0 - 9.075176, 12.09444, 0.24 Surfaces: 1
6628: Template: Object_13 Mesh: Object_13_Object_11 AABB: -8.145236, -7.853205, 0 - 14.50253, 14.98004, 2.745 Surfaces: 1
6630: Template: Object_14 Mesh: Object_14_Object_12 AABB: -7.8175, -7.91077, -0 - 14.802866, 15.046254, 2.379 Surfaces: 1
6631: Templates count: 12
6633: Spawned at local: (-31.104374, -2.47628, 3.531814) global Y est: -2.47628
6634: Deco Scale: (4.994031, 4.994031, 4.994031) AABB: -8.489717, -8.41843, 0.183796 - 6.645302, 15.885296, 2.48553
6635: Spawned at local: (18.142902, -5.013793, 61.524971) global Y est: -5.013794
6637: Deco Scale: (4.024691, 4.024691, 4.024691) AABB: -8.642229, -5.15971, 0.183796 - 8.188229, 11.177738, 2.48553
6653: Spawned 40 / 40 decos in tile (-300, 0, 150)
6724: Tile at (-300, 0, 300) HAS jungle. Spawning...
6725: Templates count: 12
6727: Spawned at local: (18.51841, 1.032163, 45.776478) global Y est: 1.032163
6728: Deco Scale: (4.591463, 4.591463, 4.591463) AABB: -8.281803, -5.838926, -0 - 9.075176, 12.09444, 0.24
6730: Spawned at local: (18.230175, -1.629404, 26.692026) global Y est: -1.629404
6732: Deco Scale: (3.234213, 3.234213, 3.234213) AABB: -7.975936, -4.697913, 0.183796 - 11.89282, 12.498924, 2.48553
6746: Spawned 40 / 40 decos in tile (-300, 0, 300)
7023: Tile at (-150, 0, 150) HAS jungle. Spawning...
7024: Templates count: 12
7026: Spawned at local: (-64.420845, -11.465937, 59.378601) global Y est: -11.465936
7027: Deco Scale: (4.456201, 4.456201, 4.456201) AABB: -5.675936, -4.418431, 0.183796 - 12.02888, 10.919441, 2.48553
7029: Spawned at local: (45.320797, -8.242726, -51.436462) global Y est: -8.242726
7030: Deco Scale: (4.82406, 4.82406, 4.82406) AABB: -4.984911, -1.980479, 0.761184 - 10.202736, 7.17499, 1.514593
7045: Spawned 40 / 40 decos in tile (-150, 0, 150)
7123: Tile at (-150, 0, 300) HAS jungle. Spawning...
7124: Templates count: 12
7126: Spawned at local: (-0.360585, -1.075256, 52.821159) global Y est: -1.075256
7128: Deco Scale: (4.244292, 4.244292, 4.244292) AABB: -8.261277, -8.369059, 0.761184 - 15.820244, 15.963571, 1.514593
7130: Spawned at local: (24.450243, -11.915255, -47.308281) global Y est: -11.915254
7131: Deco Scale: (3.095325, 3.095325, 3.095325) AABB: -4.984911, -1.980479, 0.761184 - 10.202736, 7.17499, 1.514593
7145: Spawned 40 / 40 decos in tile (-150, 0, 300)
7356: Tile at (0, 0, 0) HAS jungle. Spawning...
7358: Templates count: 12
7360: Spawned at local: (63.316826, 0.524865, 61.991619) global Y est: 0.524865
7361: Deco Scale: (4.105634, 4.105634, 4.105634) AABB: -8.281803, -5.838926, -0 - 9.075176, 12.09444, 0.24
7363: Spawned at local: (20.740797, 4.052444, 46.199108) global Y est: 4.052444
7364: Deco Scale: (3.431932, 3.431932, 3.431932) AABB: -7.8175, -7.91077, -0 - 14.802866, 15.046254, 2.379
7379: Spawned 40 / 40 decos in tile (0, 0, 0)
9491: Tile at (0, 0, 150) HAS jungle. Spawning...
9493: Templates count: 12
9495: Spawned at local: (21.013912, -12.18429, -30.427557) global Y est: -12.18429
9497: Deco Scale: (4.728684, 4.728684, 4.728684) AABB: -8.80436, -5.738437, 0.183796 - 15.859945, 11.057633, 2.48553
9498: Spawned at local: (58.877419, 3.470925, -61.832958) global Y est: 3.470925
9500: Deco Scale: (4.57613, 4.57613, 4.57613) AABB: -8.145236, -7.853205, 0 - 14.50253, 14.98004, 2.745
9516: Spawned 40 / 40 decos in tile (0, 0, 150)
9592: Tile at (0, 0, 300) HAS jungle. Spawning...
9593: Templates count: 12
9596: Spawned at local: (60.067162, 10.586375, 4.81076) global Y est: 10.586375
9597: Deco Scale: (4.553446, 4.553446, 4.553446) AABB: -8.281803, -5.838926, -0 - 9.075176, 12.09444, 0.24
9599: Spawned at local: (43.156059, 1.347828, 12.265449) global Y est: 1.347828
9600: Deco Scale: (3.099356, 3.099356, 3.099356) AABB: -8.261277, -8.369059, 0.761184 - 15.820244, 15.963571, 1.514593
9616: Spawned 40 / 40 decos in tile (0, 0, 300)
9941: Tile at (150, 0, 150) HAS jungle. Spawning...
9942: Templates count: 12
9944: Spawned at local: (1.451594, -6.37493, 64.263145) global Y est: -6.37493
9945: Deco Scale: (3.372833, 3.372833, 3.372833) AABB: -7.8175, -7.91077, -0 - 14.802866, 15.046254, 2.379
9947: Spawned at local: (-6.006476, -7.793292, 60.207756) global Y est: -7.793292
9948: Deco Scale: (3.871423, 3.871423, 3.871423) AABB: -4.984911, -1.980479, 0.761184 - 10.202736, 7.17499, 1.514593
9963: Spawned 40 / 40 decos in tile (150, 0, 150)
10038: Tile at (150, 0, 300) HAS jungle. Spawning...
10039: Templates count: 12
10041: Spawned at local: (-52.740673, 4.700258, -32.001007) global Y est: 4.700258
10043: Deco Scale: (3.425985, 3.425985, 3.425985) AABB: -7.8175, -7.91077, -0 - 14.802866, 15.046254, 2.379
10045: Spawned at local: (47.488403, 4.418834, -31.390759) global Y est: 4.418834
10047: Deco Scale: (3.630969, 3.630969, 3.630969) AABB: -8.261277, -8.369059, 0.761184 - 15.820244, 15.963571, 1.514593
10064: Spawned 40 / 40 decos in tile (150, 0, 300)
10339: Tile at (300, 0, 150) HAS jungle. Spawning...
10340: Templates count: 12
10342: Spawned at local: (14.843049, -6.250026, 58.399147) global Y est: -6.250026
10343: Deco Scale: (4.132044, 4.132044, 4.132044) AABB: -8.642229, -5.15971, 0.183796 - 8.188229, 11.177738, 2.48553
10346: Spawned at local: (-6.529199, -10.74333, 60.751194) global Y est: -10.74333
10347: Deco Scale: (4.133735, 4.133735, 4.133735) AABB: -8.642229, -5.15971, 0.183796 - 8.188229, 11.177738, 2.48553
10368: Spawned 40 / 40 decos in tile (300, 0, 150)
10442: Tile at (300, 0, 300) HAS jungle. Spawning...
10444: Templates count: 12
10446: Spawned at local: (-44.996109, -4.474173, 58.632439) global Y est: -4.474173
10447: Deco Scale: (3.714555, 3.714555, 3.714555) AABB: -8.642229, -5.15971, 0.183796 - 8.188229, 11.177738, 2.48553
10450: Spawned at local: (-49.688751, -4.529902, -52.814224) global Y est: -4.529902
10451: Deco Scale: (3.276632, 3.276632, 3.276632) AABB: -7.975936, -4.697913, 0.183796 - 11.89282, 12.498924, 2.48553
10467: Spawned 40 / 40 decos in tile (300, 0, 300)
18373: Tile at (-450, 0, 300) HAS jungle. Spawning...
18374: Templates count: 12
18376: Spawned at local: (3.578607, -3.241163, -30.612877) global Y est: -3.241163
18378: Deco Scale: (4.037265, 4.037265, 4.037265) AABB: -4.984911, -1.980479, 0.761184 - 10.202736, 7.17499, 1.514593
18379: Spawned at local: (63.319523, -6.836035, 41.699512) global Y est: -6.836035
18380: Deco Scale: (3.955057, 3.955057, 3.955057) AABB: -4.984911, -1.980479, 0.761184 - 10.202736, 7.17499, 1.514593
18397: Spawned 40 / 40 decos in tile (-450, 0, 300)
231252: Tile at (300, 0, 150) HAS jungle. Spawning...
231254: Templates count: 12
231256: Spawned at local: (14.843049, -6.250026, 58.399147) global Y est: -6.250026
231258: Deco Scale: (4.132044, 4.132044, 4.132044) AABB: -8.642229, -5.15971, 0.183796 - 8.188229, 11.177738, 2.48553
231261: Spawned at local: (-6.529199, -10.74333, 60.751194) global Y est: -10.74333
231263: Deco Scale: (4.133735, 4.133735, 4.133735) AABB: -8.642229, -5.15971, 0.183796 - 8.188229, 11.177738, 2.48553
231285: Spawned 40 / 40 decos in tile (300, 0, 150)
231427: Tile at (300, 0, 300) HAS jungle. Spawning...
231428: Templates count: 12
231430: Spawned at local: (-44.996109, -4.474173, 58.632439) global Y est: -4.474173
231432: Deco Scale: (3.714555, 3.714555, 3.714555) AABB: -8.642229, -5.15971, 0.183796 - 8.188229, 11.177738, 2.48553
231434: Spawned at local: (-49.688751, -4.529902, -52.814224) global Y est: -4.529902
231436: Deco Scale: (3.276632, 3.276632, 3.276632) AABB: -7.975936, -4.697913, 0.183796 - 11.89282, 12.498924, 2.48553
231455: Spawned 40 / 40 decos in tile (300, 0, 300)
6244: Template: Object_3 MinY shifted: 0.183796 Final AABB Y min: 0
6246: Template: Object_4 MinY shifted: 0.183796 Final AABB Y min: 0
6247: Template: Object_5 MinY shifted: 0.183796 Final AABB Y min: 0
6249: Template: Object_6 MinY shifted: 0.183796 Final AABB Y min: 0
6251: Template: Object_7 MinY shifted: 0.183796 Final AABB Y min: 0
6253: Template: Object_8 MinY shifted: 0.761184 Final AABB Y min: 0
6254: Template: Object_9 MinY shifted: 0.761184 Final AABB Y min: 0
6256: Template: Object_10 MinY shifted: -0 Final AABB Y min: 0
6258: Template: Object_11 MinY shifted: -0 Final AABB Y min: 0
6260: Template: Object_12 MinY shifted: -0 Final AABB Y min: 0
6261: Template: Object_13 MinY shifted: -0 Final AABB Y min: 0
6263: Template: Object_14 MinY shifted: -0 Final AABB Y min: 0
